<?xml version="1.0" encoding="UTF-8"?>
<!-- Generated by org.testng.reporters.JUnitXMLReporter -->
<testsuite hostname="MACPRO45.local" name="Surefire test" tests="24" failures="0" timestamp="18 Mar 2019 13:52:55 GMT" time="1.314" errors="0">
  <testcase name="verifyCreateCategoryWithBlankData" time="0.378" classname="com.api.tests.CategoriesTest"/>
  <testcase name="verifyCreateCategoryWithValidData" time="0.091" classname="com.api.tests.CategoriesTest"/>
  <testcase name="verifyGetAllCategoriesByDefault" time="0.082" classname="com.api.tests.CategoriesTest"/>
  <testcase name="verifyGetCategoryByID" time="0.082" classname="com.api.tests.CategoriesTest"/>
  <testcase name="verifyGetCategoryFilterByLimit" time="0.04" classname="com.api.tests.CategoriesTest"/>
  <testcase name="verifyGetInvalidCategory" time="0.006" classname="com.api.tests.CategoriesTest"/>
  <testcase name="verifyCreateServiceWithBlankData" time="0.008" classname="com.api.tests.ServicesTest"/>
  <testcase name="verifyCreateServiceWithValidData" time="0.015" classname="com.api.tests.ServicesTest"/>
  <testcase name="verifyGetAllServicesByDefault" time="0.007" classname="com.api.tests.ServicesTest"/>
  <testcase name="verifyGetInvalidService" time="0.005" classname="com.api.tests.ServicesTest"/>
  <testcase name="verifyGetServiceByID" time="0.008" classname="com.api.tests.ServicesTest"/>
  <testcase name="verifyGetServiceFilterByLimit" time="0.006" classname="com.api.tests.ServicesTest"/>
  <testcase name="verifyCreateProductWithBlankData" time="0.008" classname="com.api.tests.ProductsTest"/>
  <testcase name="verifyCreateProductWithValidData" time="0.014" classname="com.api.tests.ProductsTest"/>
  <testcase name="verifyGetAllProductsByDefault" time="0.194" classname="com.api.tests.ProductsTest"/>
  <testcase name="verifyGetInvalidProduct" time="0.008" classname="com.api.tests.ProductsTest"/>
  <testcase name="verifyGetProductByID" time="0.012" classname="com.api.tests.ProductsTest"/>
  <testcase name="verifyGetProductFilterByLimit" time="0.222" classname="com.api.tests.ProductsTest"/>
  <testcase name="verifyCreateStoreWithBlankData" time="0.008" classname="com.api.tests.StoresTest"/>
  <testcase name="verifyCreateStoreWithValidData" time="0.016" classname="com.api.tests.StoresTest"/>
  <testcase name="verifyGetAllStoreByDefault" time="0.047" classname="com.api.tests.StoresTest"/>
  <testcase name="verifyGetInvalidStore" time="0.006" classname="com.api.tests.StoresTest"/>
  <testcase name="verifyGetStoreByID" time="0.012" classname="com.api.tests.StoresTest"/>
  <testcase name="verifyGetStoreFilterByLimit" time="0.012" classname="com.api.tests.StoresTest"/>
</testsuite> <!-- Surefire test -->
