<?xml version="1.0" encoding="UTF-8"?>
<testng-results skipped="0" failed="0" total="24" passed="24">
  <reporter-output>
  </reporter-output>
  <suite name="Surefire suite" duration-ms="1314" started-at="2019-03-18T13:52:53Z" finished-at="2019-03-18T13:52:55Z">
    <groups>
    </groups>
    <test name="Surefire test" duration-ms="1314" started-at="2019-03-18T13:52:53Z" finished-at="2019-03-18T13:52:55Z">
      <class name="com.api.tests.StoresTest">
        <test-method status="PASS" signature="verifyCreateStoreWithBlankData()[pri:0, instance:com.api.tests.StoresTest@5c072e3f]" name="verifyCreateStoreWithBlankData" duration-ms="8" started-at="2019-03-18T19:22:55Z" finished-at="2019-03-18T19:22:55Z">
          <reporter-output>
          </reporter-output>
        </test-method> <!-- verifyCreateStoreWithBlankData -->
        <test-method status="PASS" signature="setUp()[pri:0, instance:com.api.tests.StoresTest@5c072e3f]" name="setUp" is-config="true" duration-ms="0" started-at="2019-03-18T19:22:55Z" finished-at="2019-03-18T19:22:55Z">
          <reporter-output>
          </reporter-output>
        </test-method> <!-- setUp -->
        <test-method status="PASS" signature="setUp()[pri:0, instance:com.api.tests.StoresTest@5c072e3f]" name="setUp" is-config="true" duration-ms="0" started-at="2019-03-18T19:22:55Z" finished-at="2019-03-18T19:22:55Z">
          <reporter-output>
          </reporter-output>
        </test-method> <!-- setUp -->
        <test-method status="PASS" signature="verifyCreateStoreWithValidData()[pri:0, instance:com.api.tests.StoresTest@5c072e3f]" name="verifyCreateStoreWithValidData" duration-ms="16" started-at="2019-03-18T19:22:55Z" finished-at="2019-03-18T19:22:55Z">
          <reporter-output>
          </reporter-output>
        </test-method> <!-- verifyCreateStoreWithValidData -->
        <test-method status="PASS" signature="setUp()[pri:0, instance:com.api.tests.StoresTest@5c072e3f]" name="setUp" is-config="true" duration-ms="0" started-at="2019-03-18T19:22:55Z" finished-at="2019-03-18T19:22:55Z">
          <reporter-output>
          </reporter-output>
        </test-method> <!-- setUp -->
        <test-method status="PASS" signature="verifyGetAllStoreByDefault()[pri:0, instance:com.api.tests.StoresTest@5c072e3f]" name="verifyGetAllStoreByDefault" duration-ms="47" started-at="2019-03-18T19:22:55Z" finished-at="2019-03-18T19:22:55Z">
          <reporter-output>
          </reporter-output>
        </test-method> <!-- verifyGetAllStoreByDefault -->
        <test-method status="PASS" signature="setUp()[pri:0, instance:com.api.tests.StoresTest@5c072e3f]" name="setUp" is-config="true" duration-ms="0" started-at="2019-03-18T19:22:55Z" finished-at="2019-03-18T19:22:55Z">
          <reporter-output>
          </reporter-output>
        </test-method> <!-- setUp -->
        <test-method status="PASS" signature="verifyGetInvalidStore()[pri:0, instance:com.api.tests.StoresTest@5c072e3f]" name="verifyGetInvalidStore" duration-ms="6" started-at="2019-03-18T19:22:55Z" finished-at="2019-03-18T19:22:55Z">
          <reporter-output>
          </reporter-output>
        </test-method> <!-- verifyGetInvalidStore -->
        <test-method status="PASS" signature="verifyGetStoreByID()[pri:0, instance:com.api.tests.StoresTest@5c072e3f]" name="verifyGetStoreByID" duration-ms="12" started-at="2019-03-18T19:22:55Z" finished-at="2019-03-18T19:22:55Z">
          <reporter-output>
          </reporter-output>
        </test-method> <!-- verifyGetStoreByID -->
        <test-method status="PASS" signature="setUp()[pri:0, instance:com.api.tests.StoresTest@5c072e3f]" name="setUp" is-config="true" duration-ms="0" started-at="2019-03-18T19:22:55Z" finished-at="2019-03-18T19:22:55Z">
          <reporter-output>
          </reporter-output>
        </test-method> <!-- setUp -->
        <test-method status="PASS" signature="verifyGetStoreFilterByLimit()[pri:0, instance:com.api.tests.StoresTest@5c072e3f]" name="verifyGetStoreFilterByLimit" duration-ms="12" started-at="2019-03-18T19:22:55Z" finished-at="2019-03-18T19:22:55Z">
          <reporter-output>
          </reporter-output>
        </test-method> <!-- verifyGetStoreFilterByLimit -->
        <test-method status="PASS" signature="setUp()[pri:0, instance:com.api.tests.StoresTest@5c072e3f]" name="setUp" is-config="true" duration-ms="0" started-at="2019-03-18T19:22:55Z" finished-at="2019-03-18T19:22:55Z">
          <reporter-output>
          </reporter-output>
        </test-method> <!-- setUp -->
      </class> <!-- com.api.tests.StoresTest -->
      <class name="com.api.tests.ProductsTest">
        <test-method status="PASS" signature="verifyCreateProductWithBlankData()[pri:0, instance:com.api.tests.ProductsTest@47db50c5]" name="verifyCreateProductWithBlankData" duration-ms="8" started-at="2019-03-18T19:22:54Z" finished-at="2019-03-18T19:22:54Z">
          <reporter-output>
          </reporter-output>
        </test-method> <!-- verifyCreateProductWithBlankData -->
        <test-method status="PASS" signature="setUp()[pri:0, instance:com.api.tests.ProductsTest@47db50c5]" name="setUp" is-config="true" duration-ms="0" started-at="2019-03-18T19:22:54Z" finished-at="2019-03-18T19:22:54Z">
          <reporter-output>
          </reporter-output>
        </test-method> <!-- setUp -->
        <test-method status="PASS" signature="setUp()[pri:0, instance:com.api.tests.ProductsTest@47db50c5]" name="setUp" is-config="true" duration-ms="1" started-at="2019-03-18T19:22:54Z" finished-at="2019-03-18T19:22:54Z">
          <reporter-output>
          </reporter-output>
        </test-method> <!-- setUp -->
        <test-method status="PASS" signature="verifyCreateProductWithValidData()[pri:0, instance:com.api.tests.ProductsTest@47db50c5]" name="verifyCreateProductWithValidData" duration-ms="14" started-at="2019-03-18T19:22:54Z" finished-at="2019-03-18T19:22:54Z">
          <reporter-output>
          </reporter-output>
        </test-method> <!-- verifyCreateProductWithValidData -->
        <test-method status="PASS" signature="setUp()[pri:0, instance:com.api.tests.ProductsTest@47db50c5]" name="setUp" is-config="true" duration-ms="1" started-at="2019-03-18T19:22:54Z" finished-at="2019-03-18T19:22:54Z">
          <reporter-output>
          </reporter-output>
        </test-method> <!-- setUp -->
        <test-method status="PASS" signature="verifyGetAllProductsByDefault()[pri:0, instance:com.api.tests.ProductsTest@47db50c5]" name="verifyGetAllProductsByDefault" duration-ms="194" started-at="2019-03-18T19:22:54Z" finished-at="2019-03-18T19:22:54Z">
          <reporter-output>
          </reporter-output>
        </test-method> <!-- verifyGetAllProductsByDefault -->
        <test-method status="PASS" signature="setUp()[pri:0, instance:com.api.tests.ProductsTest@47db50c5]" name="setUp" is-config="true" duration-ms="0" started-at="2019-03-18T19:22:54Z" finished-at="2019-03-18T19:22:54Z">
          <reporter-output>
          </reporter-output>
        </test-method> <!-- setUp -->
        <test-method status="PASS" signature="verifyGetInvalidProduct()[pri:0, instance:com.api.tests.ProductsTest@47db50c5]" name="verifyGetInvalidProduct" duration-ms="8" started-at="2019-03-18T19:22:54Z" finished-at="2019-03-18T19:22:54Z">
          <reporter-output>
          </reporter-output>
        </test-method> <!-- verifyGetInvalidProduct -->
        <test-method status="PASS" signature="verifyGetProductByID()[pri:0, instance:com.api.tests.ProductsTest@47db50c5]" name="verifyGetProductByID" duration-ms="12" started-at="2019-03-18T19:22:54Z" finished-at="2019-03-18T19:22:54Z">
          <reporter-output>
          </reporter-output>
        </test-method> <!-- verifyGetProductByID -->
        <test-method status="PASS" signature="setUp()[pri:0, instance:com.api.tests.ProductsTest@47db50c5]" name="setUp" is-config="true" duration-ms="0" started-at="2019-03-18T19:22:54Z" finished-at="2019-03-18T19:22:54Z">
          <reporter-output>
          </reporter-output>
        </test-method> <!-- setUp -->
        <test-method status="PASS" signature="setUp()[pri:0, instance:com.api.tests.ProductsTest@47db50c5]" name="setUp" is-config="true" duration-ms="1" started-at="2019-03-18T19:22:54Z" finished-at="2019-03-18T19:22:54Z">
          <reporter-output>
          </reporter-output>
        </test-method> <!-- setUp -->
        <test-method status="PASS" signature="verifyGetProductFilterByLimit()[pri:0, instance:com.api.tests.ProductsTest@47db50c5]" name="verifyGetProductFilterByLimit" duration-ms="222" started-at="2019-03-18T19:22:54Z" finished-at="2019-03-18T19:22:55Z">
          <reporter-output>
          </reporter-output>
        </test-method> <!-- verifyGetProductFilterByLimit -->
      </class> <!-- com.api.tests.ProductsTest -->
      <class name="com.api.tests.ServicesTest">
        <test-method status="PASS" signature="verifyCreateServiceWithBlankData()[pri:0, instance:com.api.tests.ServicesTest@4d1b0d2a]" name="verifyCreateServiceWithBlankData" duration-ms="8" started-at="2019-03-18T19:22:54Z" finished-at="2019-03-18T19:22:54Z">
          <reporter-output>
          </reporter-output>
        </test-method> <!-- verifyCreateServiceWithBlankData -->
        <test-method status="PASS" signature="setUp()[pri:0, instance:com.api.tests.ServicesTest@4d1b0d2a]" name="setUp" is-config="true" duration-ms="0" started-at="2019-03-18T19:22:54Z" finished-at="2019-03-18T19:22:54Z">
          <reporter-output>
          </reporter-output>
        </test-method> <!-- setUp -->
        <test-method status="PASS" signature="verifyCreateServiceWithValidData()[pri:0, instance:com.api.tests.ServicesTest@4d1b0d2a]" name="verifyCreateServiceWithValidData" duration-ms="15" started-at="2019-03-18T19:22:54Z" finished-at="2019-03-18T19:22:54Z">
          <reporter-output>
          </reporter-output>
        </test-method> <!-- verifyCreateServiceWithValidData -->
        <test-method status="PASS" signature="setUp()[pri:0, instance:com.api.tests.ServicesTest@4d1b0d2a]" name="setUp" is-config="true" duration-ms="0" started-at="2019-03-18T19:22:54Z" finished-at="2019-03-18T19:22:54Z">
          <reporter-output>
          </reporter-output>
        </test-method> <!-- setUp -->
        <test-method status="PASS" signature="setUp()[pri:0, instance:com.api.tests.ServicesTest@4d1b0d2a]" name="setUp" is-config="true" duration-ms="0" started-at="2019-03-18T19:22:54Z" finished-at="2019-03-18T19:22:54Z">
          <reporter-output>
          </reporter-output>
        </test-method> <!-- setUp -->
        <test-method status="PASS" signature="verifyGetAllServicesByDefault()[pri:0, instance:com.api.tests.ServicesTest@4d1b0d2a]" name="verifyGetAllServicesByDefault" duration-ms="7" started-at="2019-03-18T19:22:54Z" finished-at="2019-03-18T19:22:54Z">
          <reporter-output>
          </reporter-output>
        </test-method> <!-- verifyGetAllServicesByDefault -->
        <test-method status="PASS" signature="setUp()[pri:0, instance:com.api.tests.ServicesTest@4d1b0d2a]" name="setUp" is-config="true" duration-ms="0" started-at="2019-03-18T19:22:54Z" finished-at="2019-03-18T19:22:54Z">
          <reporter-output>
          </reporter-output>
        </test-method> <!-- setUp -->
        <test-method status="PASS" signature="verifyGetInvalidService()[pri:0, instance:com.api.tests.ServicesTest@4d1b0d2a]" name="verifyGetInvalidService" duration-ms="5" started-at="2019-03-18T19:22:54Z" finished-at="2019-03-18T19:22:54Z">
          <reporter-output>
          </reporter-output>
        </test-method> <!-- verifyGetInvalidService -->
        <test-method status="PASS" signature="setUp()[pri:0, instance:com.api.tests.ServicesTest@4d1b0d2a]" name="setUp" is-config="true" duration-ms="1" started-at="2019-03-18T19:22:54Z" finished-at="2019-03-18T19:22:54Z">
          <reporter-output>
          </reporter-output>
        </test-method> <!-- setUp -->
        <test-method status="PASS" signature="verifyGetServiceByID()[pri:0, instance:com.api.tests.ServicesTest@4d1b0d2a]" name="verifyGetServiceByID" duration-ms="8" started-at="2019-03-18T19:22:54Z" finished-at="2019-03-18T19:22:54Z">
          <reporter-output>
          </reporter-output>
        </test-method> <!-- verifyGetServiceByID -->
        <test-method status="PASS" signature="setUp()[pri:0, instance:com.api.tests.ServicesTest@4d1b0d2a]" name="setUp" is-config="true" duration-ms="0" started-at="2019-03-18T19:22:54Z" finished-at="2019-03-18T19:22:54Z">
          <reporter-output>
          </reporter-output>
        </test-method> <!-- setUp -->
        <test-method status="PASS" signature="verifyGetServiceFilterByLimit()[pri:0, instance:com.api.tests.ServicesTest@4d1b0d2a]" name="verifyGetServiceFilterByLimit" duration-ms="6" started-at="2019-03-18T19:22:54Z" finished-at="2019-03-18T19:22:54Z">
          <reporter-output>
          </reporter-output>
        </test-method> <!-- verifyGetServiceFilterByLimit -->
      </class> <!-- com.api.tests.ServicesTest -->
      <class name="com.api.tests.CategoriesTest">
        <test-method status="PASS" signature="setUp()[pri:0, instance:com.api.tests.CategoriesTest@544a2ea6]" name="setUp" is-config="true" duration-ms="6" started-at="2019-03-18T19:22:53Z" finished-at="2019-03-18T19:22:53Z">
          <reporter-output>
          </reporter-output>
        </test-method> <!-- setUp -->
        <test-method status="PASS" signature="verifyCreateCategoryWithBlankData()[pri:0, instance:com.api.tests.CategoriesTest@544a2ea6]" name="verifyCreateCategoryWithBlankData" duration-ms="378" started-at="2019-03-18T19:22:53Z" finished-at="2019-03-18T19:22:54Z">
          <reporter-output>
          </reporter-output>
        </test-method> <!-- verifyCreateCategoryWithBlankData -->
        <test-method status="PASS" signature="verifyCreateCategoryWithValidData()[pri:0, instance:com.api.tests.CategoriesTest@544a2ea6]" name="verifyCreateCategoryWithValidData" duration-ms="91" started-at="2019-03-18T19:22:54Z" finished-at="2019-03-18T19:22:54Z">
          <reporter-output>
          </reporter-output>
        </test-method> <!-- verifyCreateCategoryWithValidData -->
        <test-method status="PASS" signature="setUp()[pri:0, instance:com.api.tests.CategoriesTest@544a2ea6]" name="setUp" is-config="true" duration-ms="0" started-at="2019-03-18T19:22:54Z" finished-at="2019-03-18T19:22:54Z">
          <reporter-output>
          </reporter-output>
        </test-method> <!-- setUp -->
        <test-method status="PASS" signature="verifyGetAllCategoriesByDefault()[pri:0, instance:com.api.tests.CategoriesTest@544a2ea6]" name="verifyGetAllCategoriesByDefault" duration-ms="82" started-at="2019-03-18T19:22:54Z" finished-at="2019-03-18T19:22:54Z">
          <reporter-output>
          </reporter-output>
        </test-method> <!-- verifyGetAllCategoriesByDefault -->
        <test-method status="PASS" signature="setUp()[pri:0, instance:com.api.tests.CategoriesTest@544a2ea6]" name="setUp" is-config="true" duration-ms="0" started-at="2019-03-18T19:22:54Z" finished-at="2019-03-18T19:22:54Z">
          <reporter-output>
          </reporter-output>
        </test-method> <!-- setUp -->
        <test-method status="PASS" signature="verifyGetCategoryByID()[pri:0, instance:com.api.tests.CategoriesTest@544a2ea6]" name="verifyGetCategoryByID" duration-ms="82" started-at="2019-03-18T19:22:54Z" finished-at="2019-03-18T19:22:54Z">
          <reporter-output>
          </reporter-output>
        </test-method> <!-- verifyGetCategoryByID -->
        <test-method status="PASS" signature="setUp()[pri:0, instance:com.api.tests.CategoriesTest@544a2ea6]" name="setUp" is-config="true" duration-ms="0" started-at="2019-03-18T19:22:54Z" finished-at="2019-03-18T19:22:54Z">
          <reporter-output>
          </reporter-output>
        </test-method> <!-- setUp -->
        <test-method status="PASS" signature="setUp()[pri:0, instance:com.api.tests.CategoriesTest@544a2ea6]" name="setUp" is-config="true" duration-ms="1" started-at="2019-03-18T19:22:54Z" finished-at="2019-03-18T19:22:54Z">
          <reporter-output>
          </reporter-output>
        </test-method> <!-- setUp -->
        <test-method status="PASS" signature="verifyGetCategoryFilterByLimit()[pri:0, instance:com.api.tests.CategoriesTest@544a2ea6]" name="verifyGetCategoryFilterByLimit" duration-ms="40" started-at="2019-03-18T19:22:54Z" finished-at="2019-03-18T19:22:54Z">
          <reporter-output>
          </reporter-output>
        </test-method> <!-- verifyGetCategoryFilterByLimit -->
        <test-method status="PASS" signature="setUp()[pri:0, instance:com.api.tests.CategoriesTest@544a2ea6]" name="setUp" is-config="true" duration-ms="0" started-at="2019-03-18T19:22:54Z" finished-at="2019-03-18T19:22:54Z">
          <reporter-output>
          </reporter-output>
        </test-method> <!-- setUp -->
        <test-method status="PASS" signature="verifyGetInvalidCategory()[pri:0, instance:com.api.tests.CategoriesTest@544a2ea6]" name="verifyGetInvalidCategory" duration-ms="6" started-at="2019-03-18T19:22:54Z" finished-at="2019-03-18T19:22:54Z">
          <reporter-output>
          </reporter-output>
        </test-method> <!-- verifyGetInvalidCategory -->
      </class> <!-- com.api.tests.CategoriesTest -->
    </test> <!-- Surefire test -->
  </suite> <!-- Surefire suite -->
</testng-results>
