<?xml version="1.0" encoding="UTF-8"?>
<testsuite xmlns:xsi="http://www.w3.org/2001/XMLSchema-instance" xsi:noNamespaceSchemaLocation="https://maven.apache.org/surefire/maven-surefire-plugin/xsd/surefire-test-report.xsd" name="TestSuite" time="1.936" tests="24" errors="0" skipped="0" failures="0">
  <properties>
[...]
</properties>
  <testcase name="verifyCreateCategoryWithBlankData" classname="com.api.tests.CategoriesTest" time="0.379"/>
  <testcase name="verifyCreateCategoryWithValidData" classname="com.api.tests.CategoriesTest" time="0.09"/>
  <testcase name="verifyGetAllCategoriesByDefault" classname="com.api.tests.CategoriesTest" time="0.081"/>
  <testcase name="verifyGetCategoryByID" classname="com.api.tests.CategoriesTest" time="0.082"/>
  <testcase name="verifyGetCategoryFilterByLimit" classname="com.api.tests.CategoriesTest" time="0.04"/>
  <testcase name="verifyGetInvalidCategory" classname="com.api.tests.CategoriesTest" time="0.006"/>
  <testcase name="verifyCreateServiceWithBlankData" classname="com.api.tests.ServicesTest" time="0.008"/>
  <testcase name="verifyCreateServiceWithValidData" classname="com.api.tests.ServicesTest" time="0.014"/>
  <testcase name="verifyGetAllServicesByDefault" classname="com.api.tests.ServicesTest" time="0.007"/>
  <testcase name="verifyGetInvalidService" classname="com.api.tests.ServicesTest" time="0.005"/>
  <testcase name="verifyGetServiceByID" classname="com.api.tests.ServicesTest" time="0.008"/>
  <testcase name="verifyGetServiceFilterByLimit" classname="com.api.tests.ServicesTest" time="0.006"/>
  <testcase name="verifyCreateProductWithBlankData" classname="com.api.tests.ProductsTest" time="0.008"/>
  <testcase name="verifyCreateProductWithValidData" classname="com.api.tests.ProductsTest" time="0.014"/>
  <testcase name="verifyGetAllProductsByDefault" classname="com.api.tests.ProductsTest" time="0.194"/>
  <testcase name="verifyGetInvalidProduct" classname="com.api.tests.ProductsTest" time="0.008"/>
  <testcase name="verifyGetProductByID" classname="com.api.tests.ProductsTest" time="0.011"/>
  <testcase name="verifyGetProductFilterByLimit" classname="com.api.tests.ProductsTest" time="0.222"/>
  <testcase name="verifyCreateStoreWithBlankData" classname="com.api.tests.StoresTest" time="0.009"/>
  <testcase name="verifyCreateStoreWithValidData" classname="com.api.tests.StoresTest" time="0.016"/>
  <testcase name="verifyGetAllStoreByDefault" classname="com.api.tests.StoresTest" time="0.046"/>
  <testcase name="verifyGetInvalidStore" classname="com.api.tests.StoresTest" time="0.006"/>
  <testcase name="verifyGetStoreByID" classname="com.api.tests.StoresTest" time="0.013"/>
  <testcase name="verifyGetStoreFilterByLimit" classname="com.api.tests.StoresTest" time="0.012"/>
</testsuite>