<?xml version="1.0" encoding="UTF-8"?>
<testng-results skipped="0" failed="0" total="6" passed="6">
  <reporter-output>
  </reporter-output>
  <suite name="Default suite" duration-ms="903" started-at="2019-03-18T13:47:49Z" finished-at="2019-03-18T13:47:49Z">
    <groups>
    </groups>
    <test name="Default test" duration-ms="903" started-at="2019-03-18T13:47:49Z" finished-at="2019-03-18T13:47:49Z">
      <class name="com.qa.tests.ProductsTest">
        <test-method status="PASS" signature="setUp()[pri:0, instance:com.qa.tests.ProductsTest@530612ba]" name="setUp" is-config="true" duration-ms="6" started-at="2019-03-18T19:17:49Z" finished-at="2019-03-18T19:17:49Z">
          <reporter-output>
          </reporter-output>
        </test-method> <!-- setUp -->
        <test-method status="PASS" signature="verifyCreateProductWithBlankData()[pri:0, instance:com.qa.tests.ProductsTest@530612ba]" name="verifyCreateProductWithBlankData" duration-ms="372" started-at="2019-03-18T19:17:49Z" finished-at="2019-03-18T19:17:49Z">
          <reporter-output>
          </reporter-output>
        </test-method> <!-- verifyCreateProductWithBlankData -->
        <test-method status="PASS" signature="verifyCreateProductWithValidData()[pri:0, instance:com.qa.tests.ProductsTest@530612ba]" name="verifyCreateProductWithValidData" duration-ms="79" started-at="2019-03-18T19:17:49Z" finished-at="2019-03-18T19:17:49Z">
          <reporter-output>
          </reporter-output>
        </test-method> <!-- verifyCreateProductWithValidData -->
        <test-method status="PASS" signature="setUp()[pri:0, instance:com.qa.tests.ProductsTest@530612ba]" name="setUp" is-config="true" duration-ms="0" started-at="2019-03-18T19:17:49Z" finished-at="2019-03-18T19:17:49Z">
          <reporter-output>
          </reporter-output>
        </test-method> <!-- setUp -->
        <test-method status="PASS" signature="verifyGetAllProductsByDefault()[pri:0, instance:com.qa.tests.ProductsTest@530612ba]" name="verifyGetAllProductsByDefault" duration-ms="181" started-at="2019-03-18T19:17:49Z" finished-at="2019-03-18T19:17:49Z">
          <reporter-output>
          </reporter-output>
        </test-method> <!-- verifyGetAllProductsByDefault -->
        <test-method status="PASS" signature="setUp()[pri:0, instance:com.qa.tests.ProductsTest@530612ba]" name="setUp" is-config="true" duration-ms="0" started-at="2019-03-18T19:17:49Z" finished-at="2019-03-18T19:17:49Z">
          <reporter-output>
          </reporter-output>
        </test-method> <!-- setUp -->
        <test-method status="PASS" signature="setUp()[pri:0, instance:com.qa.tests.ProductsTest@530612ba]" name="setUp" is-config="true" duration-ms="0" started-at="2019-03-18T19:17:49Z" finished-at="2019-03-18T19:17:49Z">
          <reporter-output>
          </reporter-output>
        </test-method> <!-- setUp -->
        <test-method status="PASS" signature="verifyGetInvalidProduct()[pri:0, instance:com.qa.tests.ProductsTest@530612ba]" name="verifyGetInvalidProduct" duration-ms="25" started-at="2019-03-18T19:17:49Z" finished-at="2019-03-18T19:17:49Z">
          <reporter-output>
          </reporter-output>
        </test-method> <!-- verifyGetInvalidProduct -->
        <test-method status="PASS" signature="verifyGetProductByID()[pri:0, instance:com.qa.tests.ProductsTest@530612ba]" name="verifyGetProductByID" duration-ms="46" started-at="2019-03-18T19:17:49Z" finished-at="2019-03-18T19:17:49Z">
          <reporter-output>
          </reporter-output>
        </test-method> <!-- verifyGetProductByID -->
        <test-method status="PASS" signature="setUp()[pri:0, instance:com.qa.tests.ProductsTest@530612ba]" name="setUp" is-config="true" duration-ms="0" started-at="2019-03-18T19:17:49Z" finished-at="2019-03-18T19:17:49Z">
          <reporter-output>
          </reporter-output>
        </test-method> <!-- setUp -->
        <test-method status="PASS" signature="verifyGetProductFilterByLimit()[pri:0, instance:com.qa.tests.ProductsTest@530612ba]" name="verifyGetProductFilterByLimit" duration-ms="177" started-at="2019-03-18T19:17:49Z" finished-at="2019-03-18T19:17:49Z">
          <reporter-output>
          </reporter-output>
        </test-method> <!-- verifyGetProductFilterByLimit -->
        <test-method status="PASS" signature="setUp()[pri:0, instance:com.qa.tests.ProductsTest@530612ba]" name="setUp" is-config="true" duration-ms="0" started-at="2019-03-18T19:17:49Z" finished-at="2019-03-18T19:17:49Z">
          <reporter-output>
          </reporter-output>
        </test-method> <!-- setUp -->
      </class> <!-- com.qa.tests.ProductsTest -->
    </test> <!-- Default test -->
  </suite> <!-- Default suite -->
</testng-results>
